2023-01-08 18:28:07.400  INFO 12712 --- [main] com.example.client.ClientApplicationKt   : Starting ClientApplicationKt using Java 17.0.3 on DESKTOP-NSKRK4H with PID 12712 (D:\IdeaProjects\spring-boot-admin-test\client\build\classes\kotlin\main started by 79044 in D:\IdeaProjects\spring-boot-admin-test)
2023-01-08 18:28:07.404  INFO 12712 --- [main] com.example.client.ClientApplicationKt   : No active profile set, falling back to 1 default profile: "default"
2023-01-08 18:28:09.963  INFO 12712 --- [main] o.s.b.w.embedded.tomcat.TomcatWebServer  : Tomcat initialized with port(s): 8090 (http)
2023-01-08 18:28:09.987  INFO 12712 --- [main] o.apache.catalina.core.StandardService   : Starting service [Tomcat]
2023-01-08 18:28:09.988  INFO 12712 --- [main] org.apache.catalina.core.StandardEngine  : Starting Servlet engine: [Apache Tomcat/9.0.70]
2023-01-08 18:28:10.198  INFO 12712 --- [main] o.a.c.c.C.[Tomcat].[localhost].[/]       : Initializing Spring embedded WebApplicationContext
2023-01-08 18:28:10.199  INFO 12712 --- [main] w.s.c.ServletWebServerApplicationContext : Root WebApplicationContext: initialization completed in 2695 ms
2023-01-08 18:28:11.625  INFO 12712 --- [main] o.s.b.a.e.web.EndpointLinksResolver      : Exposing 14 endpoint(s) beneath base path '/actuator'
2023-01-08 18:28:11.735  INFO 12712 --- [main] o.s.b.w.embedded.tomcat.TomcatWebServer  : Tomcat started on port(s): 8090 (http) with context path ''
2023-01-08 18:28:11.775  INFO 12712 --- [scheduling-1] com.example.client.schedule.Scheduler    : An INFO Message
2023-01-08 18:28:11.786  INFO 12712 --- [main] com.example.client.ClientApplicationKt   : Started ClientApplicationKt in 5.401 seconds (JVM running for 6.209)
2023-01-08 18:28:12.990  WARN 12712 --- [registrationTask1] d.c.b.a.c.r.ApplicationRegistrator       : Failed to register application as Application(name=client1, managementUrl=http://DESKTOP-NSKRK4H:8090/actuator, healthUrl=http://DESKTOP-NSKRK4H:8090/actuator/health, serviceUrl=http://DESKTOP-NSKRK4H:8090/) at spring-boot-admin ([http://localhost:8081/instances]): 401 : [no body]. Further attempts are logged on DEBUG level
2023-01-08 18:28:13.782  INFO 12712 --- [scheduling-1] com.example.client.schedule.Scheduler    : An INFO Message
2023-01-08 18:28:15.791  INFO 12712 --- [scheduling-1] com.example.client.schedule.Scheduler    : An INFO Message
2023-01-08 18:28:17.792  INFO 12712 --- [scheduling-1] com.example.client.schedule.Scheduler    : An INFO Message
2023-01-08 18:28:19.800  INFO 12712 --- [scheduling-1] com.example.client.schedule.Scheduler    : An INFO Message
2023-01-08 18:28:21.806  INFO 12712 --- [scheduling-1] com.example.client.schedule.Scheduler    : An INFO Message
2023-01-08 18:28:23.815  INFO 12712 --- [scheduling-1] com.example.client.schedule.Scheduler    : An INFO Message
2023-01-08 18:28:25.820  INFO 12712 --- [scheduling-1] com.example.client.schedule.Scheduler    : An INFO Message
2023-01-08 18:28:27.823  INFO 12712 --- [scheduling-1] com.example.client.schedule.Scheduler    : An INFO Message
2023-01-08 18:28:29.830  INFO 12712 --- [scheduling-1] com.example.client.schedule.Scheduler    : An INFO Message
2023-01-08 18:28:31.832  INFO 12712 --- [scheduling-1] com.example.client.schedule.Scheduler    : An INFO Message
2023-01-08 18:28:33.848  INFO 12712 --- [scheduling-1] com.example.client.schedule.Scheduler    : An INFO Message
2023-01-08 18:28:35.851  INFO 12712 --- [scheduling-1] com.example.client.schedule.Scheduler    : An INFO Message
2023-01-08 18:28:37.858  INFO 12712 --- [scheduling-1] com.example.client.schedule.Scheduler    : An INFO Message
2023-01-08 18:28:39.868  INFO 12712 --- [scheduling-1] com.example.client.schedule.Scheduler    : An INFO Message
2023-01-08 18:28:41.873  INFO 12712 --- [scheduling-1] com.example.client.schedule.Scheduler    : An INFO Message
2023-01-08 18:28:43.876  INFO 12712 --- [scheduling-1] com.example.client.schedule.Scheduler    : An INFO Message
2023-01-08 18:28:45.879  INFO 12712 --- [scheduling-1] com.example.client.schedule.Scheduler    : An INFO Message
2023-01-08 18:28:47.891  INFO 12712 --- [scheduling-1] com.example.client.schedule.Scheduler    : An INFO Message
2023-01-08 18:28:49.896  INFO 12712 --- [scheduling-1] com.example.client.schedule.Scheduler    : An INFO Message
2023-01-08 18:28:51.901  INFO 12712 --- [scheduling-1] com.example.client.schedule.Scheduler    : An INFO Message
2023-01-08 18:28:53.905  INFO 12712 --- [scheduling-1] com.example.client.schedule.Scheduler    : An INFO Message
2023-01-08 18:28:55.908  INFO 12712 --- [scheduling-1] com.example.client.schedule.Scheduler    : An INFO Message
2023-01-08 18:28:57.914  INFO 12712 --- [scheduling-1] com.example.client.schedule.Scheduler    : An INFO Message
2023-01-08 18:28:59.924  INFO 12712 --- [scheduling-1] com.example.client.schedule.Scheduler    : An INFO Message
2023-01-08 18:29:01.012 ERROR 12712 --- [scheduling-1] com.example.client.schedule.Scheduler    : An ERROR Message
2023-01-08 18:29:01.934  INFO 12712 --- [scheduling-1] com.example.client.schedule.Scheduler    : An INFO Message
2023-01-08 18:29:07.644  INFO 7788 --- [main] com.example.client.ClientApplicationKt   : Starting ClientApplicationKt using Java 17.0.3 on DESKTOP-NSKRK4H with PID 7788 (D:\IdeaProjects\spring-boot-admin-test\client\build\classes\kotlin\main started by 79044 in D:\IdeaProjects\spring-boot-admin-test)
2023-01-08 18:29:07.648  INFO 7788 --- [main] com.example.client.ClientApplicationKt   : No active profile set, falling back to 1 default profile: "default"
2023-01-08 18:29:09.589  INFO 7788 --- [main] o.s.b.w.embedded.tomcat.TomcatWebServer  : Tomcat initialized with port(s): 8090 (http)
2023-01-08 18:29:09.603  INFO 7788 --- [main] o.apache.catalina.core.StandardService   : Starting service [Tomcat]
2023-01-08 18:29:09.603  INFO 7788 --- [main] org.apache.catalina.core.StandardEngine  : Starting Servlet engine: [Apache Tomcat/9.0.70]
2023-01-08 18:29:09.729  INFO 7788 --- [main] o.a.c.c.C.[Tomcat].[localhost].[/]       : Initializing Spring embedded WebApplicationContext
2023-01-08 18:29:09.729  INFO 7788 --- [main] w.s.c.ServletWebServerApplicationContext : Root WebApplicationContext: initialization completed in 1991 ms
2023-01-08 18:29:11.042  INFO 7788 --- [main] o.s.b.a.e.web.EndpointLinksResolver      : Exposing 14 endpoint(s) beneath base path '/actuator'
2023-01-08 18:29:11.112  INFO 7788 --- [main] o.s.b.w.embedded.tomcat.TomcatWebServer  : Tomcat started on port(s): 8090 (http) with context path ''
2023-01-08 18:29:11.135  INFO 7788 --- [scheduling-1] com.example.client.schedule.Scheduler    : An INFO Message
2023-01-08 18:29:11.139  INFO 7788 --- [main] com.example.client.ClientApplicationKt   : Started ClientApplicationKt in 4.39 seconds (JVM running for 5.561)
2023-01-08 18:29:11.574  INFO 7788 --- [RMI TCP Connection(3)-192.168.0.115] o.a.c.c.C.[Tomcat].[localhost].[/]       : Initializing Spring DispatcherServlet 'dispatcherServlet'
2023-01-08 18:29:11.575  INFO 7788 --- [RMI TCP Connection(3)-192.168.0.115] o.s.web.servlet.DispatcherServlet        : Initializing Servlet 'dispatcherServlet'
2023-01-08 18:29:11.578  INFO 7788 --- [RMI TCP Connection(3)-192.168.0.115] o.s.web.servlet.DispatcherServlet        : Completed initialization in 2 ms
2023-01-08 18:29:12.210  INFO 7788 --- [registrationTask1] d.c.b.a.c.r.ApplicationRegistrator       : Application registered itself as 055f6db4bd9f
2023-01-08 18:29:13.140  INFO 7788 --- [scheduling-1] com.example.client.schedule.Scheduler    : An INFO Message
2023-01-08 18:29:15.144  INFO 7788 --- [scheduling-1] com.example.client.schedule.Scheduler    : An INFO Message
2023-01-08 18:29:17.146  INFO 7788 --- [scheduling-1] com.example.client.schedule.Scheduler    : An INFO Message
2023-01-08 18:29:19.151  INFO 7788 --- [scheduling-1] com.example.client.schedule.Scheduler    : An INFO Message
2023-01-08 18:29:21.157  INFO 7788 --- [scheduling-1] com.example.client.schedule.Scheduler    : An INFO Message
2023-01-08 18:29:23.163  INFO 7788 --- [scheduling-1] com.example.client.schedule.Scheduler    : An INFO Message
2023-01-08 18:29:25.180  INFO 7788 --- [scheduling-1] com.example.client.schedule.Scheduler    : An INFO Message
2023-01-08 18:29:27.181  INFO 7788 --- [scheduling-1] com.example.client.schedule.Scheduler    : An INFO Message
2023-01-08 18:29:29.197  INFO 7788 --- [scheduling-1] com.example.client.schedule.Scheduler    : An INFO Message
2023-01-08 18:29:31.210  INFO 7788 --- [scheduling-1] com.example.client.schedule.Scheduler    : An INFO Message
2023-01-08 18:29:33.212  INFO 7788 --- [scheduling-1] com.example.client.schedule.Scheduler    : An INFO Message
2023-01-08 18:29:35.214  INFO 7788 --- [scheduling-1] com.example.client.schedule.Scheduler    : An INFO Message
2023-01-08 18:29:37.260  INFO 7788 --- [scheduling-1] com.example.client.schedule.Scheduler    : An INFO Message
2023-01-08 18:29:39.264  INFO 7788 --- [scheduling-1] com.example.client.schedule.Scheduler    : An INFO Message
2023-01-08 18:29:41.269  INFO 7788 --- [scheduling-1] com.example.client.schedule.Scheduler    : An INFO Message
2023-01-08 18:29:43.282  INFO 7788 --- [scheduling-1] com.example.client.schedule.Scheduler    : An INFO Message
2023-01-08 18:29:45.295  INFO 7788 --- [scheduling-1] com.example.client.schedule.Scheduler    : An INFO Message
2023-01-08 18:29:47.306  INFO 7788 --- [scheduling-1] com.example.client.schedule.Scheduler    : An INFO Message
2023-01-08 18:29:49.317  INFO 7788 --- [scheduling-1] com.example.client.schedule.Scheduler    : An INFO Message
2023-01-08 18:29:51.320  INFO 7788 --- [scheduling-1] com.example.client.schedule.Scheduler    : An INFO Message
2023-01-08 18:29:53.322  INFO 7788 --- [scheduling-1] com.example.client.schedule.Scheduler    : An INFO Message
2023-01-08 18:29:55.333  INFO 7788 --- [scheduling-1] com.example.client.schedule.Scheduler    : An INFO Message
2023-01-08 18:29:57.346  INFO 7788 --- [scheduling-1] com.example.client.schedule.Scheduler    : An INFO Message
2023-01-08 18:29:59.348  INFO 7788 --- [scheduling-1] com.example.client.schedule.Scheduler    : An INFO Message
2023-01-08 18:30:01.009 ERROR 7788 --- [scheduling-1] com.example.client.schedule.Scheduler    : An ERROR Message
2023-01-08 18:30:01.349  INFO 7788 --- [scheduling-1] com.example.client.schedule.Scheduler    : An INFO Message
2023-01-08 18:30:03.352  INFO 7788 --- [scheduling-1] com.example.client.schedule.Scheduler    : An INFO Message
2023-01-08 18:30:05.361  INFO 7788 --- [scheduling-1] com.example.client.schedule.Scheduler    : An INFO Message
2023-01-08 18:39:37.193  INFO 15304 --- [main] com.example.client.ClientApplicationKt   : Starting ClientApplicationKt using Java 17.0.3 on DESKTOP-NSKRK4H with PID 15304 (D:\IdeaProjects\spring-boot-admin-test\client\build\classes\kotlin\main started by 79044 in D:\IdeaProjects\spring-boot-admin-test)
2023-01-08 18:39:37.196  INFO 15304 --- [main] com.example.client.ClientApplicationKt   : No active profile set, falling back to 1 default profile: "default"
2023-01-08 18:39:39.190  INFO 15304 --- [main] o.s.b.w.embedded.tomcat.TomcatWebServer  : Tomcat initialized with port(s): 8090 (http)
2023-01-08 18:39:39.205  INFO 15304 --- [main] o.apache.catalina.core.StandardService   : Starting service [Tomcat]
2023-01-08 18:39:39.206  INFO 15304 --- [main] org.apache.catalina.core.StandardEngine  : Starting Servlet engine: [Apache Tomcat/9.0.70]
2023-01-08 18:39:39.454  INFO 15304 --- [main] o.a.c.c.C.[Tomcat].[localhost].[/]       : Initializing Spring embedded WebApplicationContext
2023-01-08 18:39:39.455  INFO 15304 --- [main] w.s.c.ServletWebServerApplicationContext : Root WebApplicationContext: initialization completed in 2172 ms
2023-01-08 18:39:40.789  INFO 15304 --- [main] o.s.b.a.e.web.EndpointLinksResolver      : Exposing 14 endpoint(s) beneath base path '/actuator'
2023-01-08 18:39:40.865  INFO 15304 --- [main] o.s.b.w.embedded.tomcat.TomcatWebServer  : Tomcat started on port(s): 8090 (http) with context path ''
2023-01-08 18:39:40.893  INFO 15304 --- [scheduling-1] com.example.client.schedule.Scheduler    : An INFO Message
2023-01-08 18:39:40.900  INFO 15304 --- [main] com.example.client.ClientApplicationKt   : Started ClientApplicationKt in 4.7 seconds (JVM running for 6.174)
2023-01-08 18:39:41.259  INFO 15304 --- [RMI TCP Connection(2)-192.168.0.115] o.a.c.c.C.[Tomcat].[localhost].[/]       : Initializing Spring DispatcherServlet 'dispatcherServlet'
2023-01-08 18:39:41.259  INFO 15304 --- [RMI TCP Connection(2)-192.168.0.115] o.s.web.servlet.DispatcherServlet        : Initializing Servlet 'dispatcherServlet'
2023-01-08 18:39:41.261  INFO 15304 --- [RMI TCP Connection(2)-192.168.0.115] o.s.web.servlet.DispatcherServlet        : Completed initialization in 1 ms
2023-01-08 18:39:41.766  INFO 15304 --- [registrationTask1] d.c.b.a.c.r.ApplicationRegistrator       : Application registered itself as 055f6db4bd9f
2023-01-08 18:39:42.898  INFO 15304 --- [scheduling-1] com.example.client.schedule.Scheduler    : An INFO Message
2023-01-08 18:39:44.907  INFO 15304 --- [scheduling-1] com.example.client.schedule.Scheduler    : An INFO Message
2023-01-08 18:39:46.915  INFO 15304 --- [scheduling-1] com.example.client.schedule.Scheduler    : An INFO Message
2023-01-08 18:39:48.926  INFO 15304 --- [scheduling-1] com.example.client.schedule.Scheduler    : An INFO Message
2023-01-08 18:39:50.930  INFO 15304 --- [scheduling-1] com.example.client.schedule.Scheduler    : An INFO Message
2023-01-08 18:39:52.945  INFO 15304 --- [scheduling-1] com.example.client.schedule.Scheduler    : An INFO Message
2023-01-08 18:39:54.952  INFO 15304 --- [scheduling-1] com.example.client.schedule.Scheduler    : An INFO Message
2023-01-08 18:39:56.955  INFO 15304 --- [scheduling-1] com.example.client.schedule.Scheduler    : An INFO Message
2023-01-08 18:39:58.965  INFO 15304 --- [scheduling-1] com.example.client.schedule.Scheduler    : An INFO Message
2023-01-08 18:40:00.981  INFO 15304 --- [scheduling-1] com.example.client.schedule.Scheduler    : An INFO Message
2023-01-08 18:40:01.014 ERROR 15304 --- [scheduling-1] com.example.client.schedule.Scheduler    : An ERROR Message
2023-01-08 18:40:02.989  INFO 15304 --- [scheduling-1] com.example.client.schedule.Scheduler    : An INFO Message
2023-01-08 18:40:04.991  INFO 15304 --- [scheduling-1] com.example.client.schedule.Scheduler    : An INFO Message
2023-01-08 18:40:09.773  INFO 19604 --- [main] com.example.client.ClientApplicationKt   : Starting ClientApplicationKt using Java 17.0.3 on DESKTOP-NSKRK4H with PID 19604 (D:\IdeaProjects\spring-boot-admin-test\client\build\classes\kotlin\main started by 79044 in D:\IdeaProjects\spring-boot-admin-test)
2023-01-08 18:40:09.777  INFO 19604 --- [main] com.example.client.ClientApplicationKt   : No active profile set, falling back to 1 default profile: "default"
2023-01-08 18:40:11.729  INFO 19604 --- [main] o.s.b.w.embedded.tomcat.TomcatWebServer  : Tomcat initialized with port(s): 8090 (http)
2023-01-08 18:40:11.754  INFO 19604 --- [main] o.apache.catalina.core.StandardService   : Starting service [Tomcat]
2023-01-08 18:40:11.755  INFO 19604 --- [main] org.apache.catalina.core.StandardEngine  : Starting Servlet engine: [Apache Tomcat/9.0.70]
2023-01-08 18:40:11.997  INFO 19604 --- [main] o.a.c.c.C.[Tomcat].[localhost].[/]       : Initializing Spring embedded WebApplicationContext
2023-01-08 18:40:11.997  INFO 19604 --- [main] w.s.c.ServletWebServerApplicationContext : Root WebApplicationContext: initialization completed in 2131 ms
2023-01-08 18:40:12.898  INFO 19604 --- [main] o.s.b.a.e.web.EndpointLinksResolver      : Exposing 14 endpoint(s) beneath base path '/actuator'
2023-01-08 18:40:12.999  INFO 19604 --- [main] o.s.b.w.embedded.tomcat.TomcatWebServer  : Tomcat started on port(s): 8090 (http) with context path ''
2023-01-08 18:40:13.034  INFO 19604 --- [scheduling-1] com.example.client.schedule.Scheduler    : An INFO Message
2023-01-08 18:40:13.040  INFO 19604 --- [main] com.example.client.ClientApplicationKt   : Started ClientApplicationKt in 4.231 seconds (JVM running for 5.522)
2023-01-08 18:40:13.483  INFO 19604 --- [RMI TCP Connection(2)-192.168.0.115] o.a.c.c.C.[Tomcat].[localhost].[/]       : Initializing Spring DispatcherServlet 'dispatcherServlet'
2023-01-08 18:40:13.483  INFO 19604 --- [RMI TCP Connection(2)-192.168.0.115] o.s.web.servlet.DispatcherServlet        : Initializing Servlet 'dispatcherServlet'
2023-01-08 18:40:13.485  INFO 19604 --- [RMI TCP Connection(2)-192.168.0.115] o.s.web.servlet.DispatcherServlet        : Completed initialization in 2 ms
2023-01-08 18:40:13.658  WARN 19604 --- [registrationTask1] d.c.b.a.c.r.ApplicationRegistrator       : Failed to register application as Application(name=client1, managementUrl=http://DESKTOP-NSKRK4H:8090/actuator, healthUrl=http://DESKTOP-NSKRK4H:8090/actuator/health, serviceUrl=http://DESKTOP-NSKRK4H:8090/) at spring-boot-admin ([http://localhost:8081/instances]): 401 : [no body]. Further attempts are logged on DEBUG level
2023-01-08 18:40:15.036  INFO 19604 --- [scheduling-1] com.example.client.schedule.Scheduler    : An INFO Message
2023-01-08 18:40:17.051  INFO 19604 --- [scheduling-1] com.example.client.schedule.Scheduler    : An INFO Message
2023-01-08 18:40:19.053  INFO 19604 --- [scheduling-1] com.example.client.schedule.Scheduler    : An INFO Message
2023-01-08 18:40:21.057  INFO 19604 --- [scheduling-1] com.example.client.schedule.Scheduler    : An INFO Message
2023-01-08 18:40:23.059  INFO 19604 --- [scheduling-1] com.example.client.schedule.Scheduler    : An INFO Message
2023-01-08 18:40:25.072  INFO 19604 --- [scheduling-1] com.example.client.schedule.Scheduler    : An INFO Message
2023-01-08 18:40:27.087  INFO 19604 --- [scheduling-1] com.example.client.schedule.Scheduler    : An INFO Message
2023-01-08 18:40:29.092  INFO 19604 --- [scheduling-1] com.example.client.schedule.Scheduler    : An INFO Message
2023-01-08 18:40:31.102  INFO 19604 --- [scheduling-1] com.example.client.schedule.Scheduler    : An INFO Message
2023-01-08 18:40:33.109  INFO 19604 --- [scheduling-1] com.example.client.schedule.Scheduler    : An INFO Message
2023-01-08 18:40:35.111  INFO 19604 --- [scheduling-1] com.example.client.schedule.Scheduler    : An INFO Message
2023-01-08 18:40:37.122  INFO 19604 --- [scheduling-1] com.example.client.schedule.Scheduler    : An INFO Message
2023-01-08 18:40:39.126  INFO 19604 --- [scheduling-1] com.example.client.schedule.Scheduler    : An INFO Message
2023-01-08 18:41:05.671  INFO 13764 --- [main] com.example.client.ClientApplicationKt   : Starting ClientApplicationKt using Java 17.0.3 on DESKTOP-NSKRK4H with PID 13764 (D:\IdeaProjects\spring-boot-admin-test\client\build\classes\kotlin\main started by 79044 in D:\IdeaProjects\spring-boot-admin-test)
2023-01-08 18:41:05.676  INFO 13764 --- [main] com.example.client.ClientApplicationKt   : No active profile set, falling back to 1 default profile: "default"
2023-01-08 18:41:07.567  INFO 13764 --- [main] o.s.b.w.embedded.tomcat.TomcatWebServer  : Tomcat initialized with port(s): 8090 (http)
2023-01-08 18:41:07.583  INFO 13764 --- [main] o.apache.catalina.core.StandardService   : Starting service [Tomcat]
2023-01-08 18:41:07.585  INFO 13764 --- [main] org.apache.catalina.core.StandardEngine  : Starting Servlet engine: [Apache Tomcat/9.0.70]
2023-01-08 18:41:07.801  INFO 13764 --- [main] o.a.c.c.C.[Tomcat].[localhost].[/]       : Initializing Spring embedded WebApplicationContext
2023-01-08 18:41:07.801  INFO 13764 --- [main] w.s.c.ServletWebServerApplicationContext : Root WebApplicationContext: initialization completed in 2019 ms
2023-01-08 18:41:09.070  INFO 13764 --- [main] o.s.b.a.e.web.EndpointLinksResolver      : Exposing 14 endpoint(s) beneath base path '/actuator'
2023-01-08 18:41:09.192  INFO 13764 --- [main] o.s.b.w.embedded.tomcat.TomcatWebServer  : Tomcat started on port(s): 8090 (http) with context path ''
2023-01-08 18:41:09.222  INFO 13764 --- [scheduling-1] com.example.client.schedule.Scheduler    : An INFO Message
2023-01-08 18:41:09.230  INFO 13764 --- [main] com.example.client.ClientApplicationKt   : Started ClientApplicationKt in 4.336 seconds (JVM running for 5.167)
2023-01-08 18:41:09.519  INFO 13764 --- [RMI TCP Connection(3)-192.168.0.115] o.a.c.c.C.[Tomcat].[localhost].[/]       : Initializing Spring DispatcherServlet 'dispatcherServlet'
2023-01-08 18:41:09.520  INFO 13764 --- [RMI TCP Connection(3)-192.168.0.115] o.s.web.servlet.DispatcherServlet        : Initializing Servlet 'dispatcherServlet'
2023-01-08 18:41:09.522  INFO 13764 --- [RMI TCP Connection(3)-192.168.0.115] o.s.web.servlet.DispatcherServlet        : Completed initialization in 2 ms
2023-01-08 18:41:10.127  WARN 13764 --- [registrationTask1] d.c.b.a.c.r.ApplicationRegistrator       : Failed to register application as Application(name=client1, managementUrl=http://DESKTOP-NSKRK4H:8090/actuator, healthUrl=http://DESKTOP-NSKRK4H:8090/actuator/health, serviceUrl=http://DESKTOP-NSKRK4H:8090/) at spring-boot-admin ([http://localhost:8081/instances]): 401 : [no body]. Further attempts are logged on DEBUG level
2023-01-08 18:41:11.225  INFO 13764 --- [scheduling-1] com.example.client.schedule.Scheduler    : An INFO Message
2023-01-08 18:41:13.230  INFO 13764 --- [scheduling-1] com.example.client.schedule.Scheduler    : An INFO Message
2023-01-08 18:41:15.245  INFO 13764 --- [scheduling-1] com.example.client.schedule.Scheduler    : An INFO Message
2023-01-08 18:41:17.261  INFO 13764 --- [scheduling-1] com.example.client.schedule.Scheduler    : An INFO Message
2023-01-08 18:41:19.269  INFO 13764 --- [scheduling-1] com.example.client.schedule.Scheduler    : An INFO Message
2023-01-08 18:41:21.277  INFO 13764 --- [scheduling-1] com.example.client.schedule.Scheduler    : An INFO Message
2023-01-08 18:41:23.278  INFO 13764 --- [scheduling-1] com.example.client.schedule.Scheduler    : An INFO Message
2023-01-08 18:41:25.292  INFO 13764 --- [scheduling-1] com.example.client.schedule.Scheduler    : An INFO Message
2023-01-08 18:41:27.303  INFO 13764 --- [scheduling-1] com.example.client.schedule.Scheduler    : An INFO Message
2023-01-08 18:41:29.308  INFO 13764 --- [scheduling-1] com.example.client.schedule.Scheduler    : An INFO Message
2023-01-08 18:41:31.315  INFO 13764 --- [scheduling-1] com.example.client.schedule.Scheduler    : An INFO Message
2023-01-08 18:41:33.329  INFO 13764 --- [scheduling-1] com.example.client.schedule.Scheduler    : An INFO Message
2023-01-08 18:41:35.334  INFO 13764 --- [scheduling-1] com.example.client.schedule.Scheduler    : An INFO Message
2023-01-08 18:41:37.344  INFO 13764 --- [scheduling-1] com.example.client.schedule.Scheduler    : An INFO Message
2023-01-08 18:41:39.352  INFO 13764 --- [scheduling-1] com.example.client.schedule.Scheduler    : An INFO Message
2023-01-08 18:41:41.365  INFO 13764 --- [scheduling-1] com.example.client.schedule.Scheduler    : An INFO Message
2023-01-08 18:41:43.366  INFO 13764 --- [scheduling-1] com.example.client.schedule.Scheduler    : An INFO Message
2023-01-08 18:41:45.376  INFO 13764 --- [scheduling-1] com.example.client.schedule.Scheduler    : An INFO Message
2023-01-08 18:41:47.379  INFO 13764 --- [scheduling-1] com.example.client.schedule.Scheduler    : An INFO Message
2023-01-08 18:41:49.393  INFO 13764 --- [scheduling-1] com.example.client.schedule.Scheduler    : An INFO Message
2023-01-08 18:41:51.395  INFO 13764 --- [scheduling-1] com.example.client.schedule.Scheduler    : An INFO Message
2023-01-08 18:41:53.405  INFO 13764 --- [scheduling-1] com.example.client.schedule.Scheduler    : An INFO Message
2023-01-08 18:41:55.416  INFO 13764 --- [scheduling-1] com.example.client.schedule.Scheduler    : An INFO Message
2023-01-08 18:42:23.552  INFO 15268 --- [main] com.example.client.ClientApplicationKt   : Starting ClientApplicationKt using Java 17.0.3 on DESKTOP-NSKRK4H with PID 15268 (D:\IdeaProjects\spring-boot-admin-test\client\build\classes\kotlin\main started by 79044 in D:\IdeaProjects\spring-boot-admin-test)
2023-01-08 18:42:23.555  INFO 15268 --- [main] com.example.client.ClientApplicationKt   : No active profile set, falling back to 1 default profile: "default"
2023-01-08 18:42:25.625  INFO 15268 --- [main] o.s.b.w.embedded.tomcat.TomcatWebServer  : Tomcat initialized with port(s): 8090 (http)
2023-01-08 18:42:25.645  INFO 15268 --- [main] o.apache.catalina.core.StandardService   : Starting service [Tomcat]
2023-01-08 18:42:25.646  INFO 15268 --- [main] org.apache.catalina.core.StandardEngine  : Starting Servlet engine: [Apache Tomcat/9.0.70]
2023-01-08 18:42:25.865  INFO 15268 --- [main] o.a.c.c.C.[Tomcat].[localhost].[/]       : Initializing Spring embedded WebApplicationContext
2023-01-08 18:42:25.865  INFO 15268 --- [main] w.s.c.ServletWebServerApplicationContext : Root WebApplicationContext: initialization completed in 2219 ms
2023-01-08 18:42:26.944  INFO 15268 --- [main] o.s.b.a.e.web.EndpointLinksResolver      : Exposing 14 endpoint(s) beneath base path '/actuator'
2023-01-08 18:42:27.022  INFO 15268 --- [main] o.s.b.w.embedded.tomcat.TomcatWebServer  : Tomcat started on port(s): 8090 (http) with context path ''
2023-01-08 18:42:27.041  INFO 15268 --- [scheduling-1] com.example.client.schedule.Scheduler    : An INFO Message
2023-01-08 18:42:27.045  INFO 15268 --- [main] com.example.client.ClientApplicationKt   : Started ClientApplicationKt in 4.509 seconds (JVM running for 6.091)
2023-01-08 18:42:27.142  INFO 15268 --- [RMI TCP Connection(2)-192.168.0.115] o.a.c.c.C.[Tomcat].[localhost].[/]       : Initializing Spring DispatcherServlet 'dispatcherServlet'
2023-01-08 18:42:27.142  INFO 15268 --- [RMI TCP Connection(2)-192.168.0.115] o.s.web.servlet.DispatcherServlet        : Initializing Servlet 'dispatcherServlet'
2023-01-08 18:42:27.143  INFO 15268 --- [RMI TCP Connection(2)-192.168.0.115] o.s.web.servlet.DispatcherServlet        : Completed initialization in 1 ms
2023-01-08 18:42:27.869  WARN 15268 --- [registrationTask1] d.c.b.a.c.r.ApplicationRegistrator       : Failed to register application as Application(name=client1, managementUrl=http://DESKTOP-NSKRK4H:8090/actuator, healthUrl=http://DESKTOP-NSKRK4H:8090/actuator/health, serviceUrl=http://DESKTOP-NSKRK4H:8090/) at spring-boot-admin ([http://localhost:8081/instances]): 401 : [no body]. Further attempts are logged on DEBUG level
2023-01-08 18:42:29.046  INFO 15268 --- [scheduling-1] com.example.client.schedule.Scheduler    : An INFO Message
2023-01-08 18:42:31.055  INFO 15268 --- [scheduling-1] com.example.client.schedule.Scheduler    : An INFO Message
2023-01-08 18:42:33.063  INFO 15268 --- [scheduling-1] com.example.client.schedule.Scheduler    : An INFO Message
2023-01-08 18:42:35.064  INFO 15268 --- [scheduling-1] com.example.client.schedule.Scheduler    : An INFO Message
2023-01-08 18:42:37.080  INFO 15268 --- [scheduling-1] com.example.client.schedule.Scheduler    : An INFO Message
2023-01-08 18:42:39.085  INFO 15268 --- [scheduling-1] com.example.client.schedule.Scheduler    : An INFO Message
2023-01-08 18:42:41.101  INFO 15268 --- [scheduling-1] com.example.client.schedule.Scheduler    : An INFO Message
2023-01-08 18:42:43.105  INFO 15268 --- [scheduling-1] com.example.client.schedule.Scheduler    : An INFO Message
2023-01-08 18:42:45.116  INFO 15268 --- [scheduling-1] com.example.client.schedule.Scheduler    : An INFO Message
2023-01-08 18:42:47.120  INFO 15268 --- [scheduling-1] com.example.client.schedule.Scheduler    : An INFO Message
2023-01-08 18:42:49.128  INFO 15268 --- [scheduling-1] com.example.client.schedule.Scheduler    : An INFO Message
2023-01-08 18:42:51.134  INFO 15268 --- [scheduling-1] com.example.client.schedule.Scheduler    : An INFO Message
2023-01-08 18:42:53.135  INFO 15268 --- [scheduling-1] com.example.client.schedule.Scheduler    : An INFO Message
2023-01-08 18:42:55.144  INFO 15268 --- [scheduling-1] com.example.client.schedule.Scheduler    : An INFO Message
2023-01-08 18:42:57.146  INFO 15268 --- [scheduling-1] com.example.client.schedule.Scheduler    : An INFO Message
2023-01-08 18:42:59.156  INFO 15268 --- [scheduling-1] com.example.client.schedule.Scheduler    : An INFO Message
2023-01-08 18:43:01.002 ERROR 15268 --- [scheduling-1] com.example.client.schedule.Scheduler    : An ERROR Message
2023-01-08 18:43:01.172  INFO 15268 --- [scheduling-1] com.example.client.schedule.Scheduler    : An INFO Message
2023-01-08 18:43:03.187  INFO 15268 --- [scheduling-1] com.example.client.schedule.Scheduler    : An INFO Message
2023-01-08 18:43:05.199  INFO 15268 --- [scheduling-1] com.example.client.schedule.Scheduler    : An INFO Message
2023-01-08 18:43:07.215  INFO 15268 --- [scheduling-1] com.example.client.schedule.Scheduler    : An INFO Message
2023-01-08 18:43:09.216  INFO 15268 --- [scheduling-1] com.example.client.schedule.Scheduler    : An INFO Message
2023-01-08 18:43:11.217  INFO 15268 --- [scheduling-1] com.example.client.schedule.Scheduler    : An INFO Message
2023-01-08 18:43:13.222  INFO 15268 --- [scheduling-1] com.example.client.schedule.Scheduler    : An INFO Message
2023-01-08 18:43:15.230  INFO 15268 --- [scheduling-1] com.example.client.schedule.Scheduler    : An INFO Message
2023-01-08 18:43:17.240  INFO 15268 --- [scheduling-1] com.example.client.schedule.Scheduler    : An INFO Message
2023-01-08 18:43:19.243  INFO 15268 --- [scheduling-1] com.example.client.schedule.Scheduler    : An INFO Message
2023-01-08 18:43:21.248  INFO 15268 --- [scheduling-1] com.example.client.schedule.Scheduler    : An INFO Message
2023-01-08 18:43:23.258  INFO 15268 --- [scheduling-1] com.example.client.schedule.Scheduler    : An INFO Message
2023-01-08 18:43:25.274  INFO 15268 --- [scheduling-1] com.example.client.schedule.Scheduler    : An INFO Message
2023-01-08 18:43:27.278  INFO 15268 --- [scheduling-1] com.example.client.schedule.Scheduler    : An INFO Message
2023-01-08 18:43:29.286  INFO 15268 --- [scheduling-1] com.example.client.schedule.Scheduler    : An INFO Message
2023-01-08 18:43:31.298  INFO 15268 --- [scheduling-1] com.example.client.schedule.Scheduler    : An INFO Message
2023-01-08 18:43:33.301  INFO 15268 --- [scheduling-1] com.example.client.schedule.Scheduler    : An INFO Message
2023-01-08 18:43:35.312  INFO 15268 --- [scheduling-1] com.example.client.schedule.Scheduler    : An INFO Message
2023-01-08 18:43:37.318  INFO 15268 --- [scheduling-1] com.example.client.schedule.Scheduler    : An INFO Message
2023-01-08 18:43:39.334  INFO 15268 --- [scheduling-1] com.example.client.schedule.Scheduler    : An INFO Message
2023-01-08 18:43:41.347  INFO 15268 --- [scheduling-1] com.example.client.schedule.Scheduler    : An INFO Message
2023-01-08 18:43:43.360  INFO 15268 --- [scheduling-1] com.example.client.schedule.Scheduler    : An INFO Message
2023-01-08 18:43:45.370  INFO 15268 --- [scheduling-1] com.example.client.schedule.Scheduler    : An INFO Message
2023-01-08 18:43:47.377  INFO 15268 --- [scheduling-1] com.example.client.schedule.Scheduler    : An INFO Message
2023-01-08 18:43:49.388  INFO 15268 --- [scheduling-1] com.example.client.schedule.Scheduler    : An INFO Message
2023-01-08 18:43:51.400  INFO 15268 --- [scheduling-1] com.example.client.schedule.Scheduler    : An INFO Message
2023-01-08 18:43:53.405  INFO 15268 --- [scheduling-1] com.example.client.schedule.Scheduler    : An INFO Message
2023-01-08 18:43:55.415  INFO 15268 --- [scheduling-1] com.example.client.schedule.Scheduler    : An INFO Message
2023-01-08 18:43:57.420  INFO 15268 --- [scheduling-1] com.example.client.schedule.Scheduler    : An INFO Message
2023-01-08 18:43:59.424  INFO 15268 --- [scheduling-1] com.example.client.schedule.Scheduler    : An INFO Message
2023-01-08 18:44:01.013 ERROR 15268 --- [scheduling-1] com.example.client.schedule.Scheduler    : An ERROR Message
2023-01-08 18:44:01.433  INFO 15268 --- [scheduling-1] com.example.client.schedule.Scheduler    : An INFO Message
2023-01-08 18:44:03.435  INFO 15268 --- [scheduling-1] com.example.client.schedule.Scheduler    : An INFO Message
2023-01-08 18:44:05.444  INFO 15268 --- [scheduling-1] com.example.client.schedule.Scheduler    : An INFO Message
2023-01-08 18:44:07.455  INFO 15268 --- [scheduling-1] com.example.client.schedule.Scheduler    : An INFO Message
2023-01-08 18:44:09.459  INFO 15268 --- [scheduling-1] com.example.client.schedule.Scheduler    : An INFO Message
2023-01-08 18:44:11.460  INFO 15268 --- [scheduling-1] com.example.client.schedule.Scheduler    : An INFO Message
2023-01-08 18:44:13.474  INFO 15268 --- [scheduling-1] com.example.client.schedule.Scheduler    : An INFO Message
2023-01-08 18:44:15.484  INFO 15268 --- [scheduling-1] com.example.client.schedule.Scheduler    : An INFO Message
2023-01-08 18:44:17.498  INFO 15268 --- [scheduling-1] com.example.client.schedule.Scheduler    : An INFO Message
2023-01-08 18:44:19.511  INFO 15268 --- [scheduling-1] com.example.client.schedule.Scheduler    : An INFO Message
2023-01-08 18:44:21.527  INFO 15268 --- [scheduling-1] com.example.client.schedule.Scheduler    : An INFO Message
2023-01-08 18:44:23.533  INFO 15268 --- [scheduling-1] com.example.client.schedule.Scheduler    : An INFO Message
2023-01-08 18:44:25.540  INFO 15268 --- [scheduling-1] com.example.client.schedule.Scheduler    : An INFO Message
2023-01-08 18:44:27.557  INFO 15268 --- [scheduling-1] com.example.client.schedule.Scheduler    : An INFO Message
2023-01-08 18:44:29.570  INFO 15268 --- [scheduling-1] com.example.client.schedule.Scheduler    : An INFO Message
2023-01-08 18:44:31.583  INFO 15268 --- [scheduling-1] com.example.client.schedule.Scheduler    : An INFO Message
2023-01-08 18:44:33.596  INFO 15268 --- [scheduling-1] com.example.client.schedule.Scheduler    : An INFO Message
2023-01-08 18:44:35.606  INFO 15268 --- [scheduling-1] com.example.client.schedule.Scheduler    : An INFO Message
2023-01-08 18:44:37.622  INFO 15268 --- [scheduling-1] com.example.client.schedule.Scheduler    : An INFO Message
2023-01-08 18:44:39.635  INFO 15268 --- [scheduling-1] com.example.client.schedule.Scheduler    : An INFO Message
2023-01-08 18:44:41.637  INFO 15268 --- [scheduling-1] com.example.client.schedule.Scheduler    : An INFO Message
2023-01-08 18:44:43.647  INFO 15268 --- [scheduling-1] com.example.client.schedule.Scheduler    : An INFO Message
2023-01-08 18:44:45.662  INFO 15268 --- [scheduling-1] com.example.client.schedule.Scheduler    : An INFO Message
2023-01-08 18:44:47.678  INFO 15268 --- [scheduling-1] com.example.client.schedule.Scheduler    : An INFO Message
2023-01-08 18:44:49.694  INFO 15268 --- [scheduling-1] com.example.client.schedule.Scheduler    : An INFO Message
2023-01-08 18:44:51.707  INFO 15268 --- [scheduling-1] com.example.client.schedule.Scheduler    : An INFO Message
2023-01-08 18:44:53.717  INFO 15268 --- [scheduling-1] com.example.client.schedule.Scheduler    : An INFO Message
2023-01-08 18:44:55.721  INFO 15268 --- [scheduling-1] com.example.client.schedule.Scheduler    : An INFO Message
2023-01-08 18:44:57.722  INFO 15268 --- [scheduling-1] com.example.client.schedule.Scheduler    : An INFO Message
2023-01-08 18:44:59.736  INFO 15268 --- [scheduling-1] com.example.client.schedule.Scheduler    : An INFO Message
2023-01-08 18:45:01.007 ERROR 15268 --- [scheduling-1] com.example.client.schedule.Scheduler    : An ERROR Message
2023-01-08 18:45:01.738  INFO 15268 --- [scheduling-1] com.example.client.schedule.Scheduler    : An INFO Message
2023-01-08 18:45:03.752  INFO 15268 --- [scheduling-1] com.example.client.schedule.Scheduler    : An INFO Message
2023-01-08 18:45:05.765  INFO 15268 --- [scheduling-1] com.example.client.schedule.Scheduler    : An INFO Message
2023-01-08 18:45:07.772  INFO 15268 --- [scheduling-1] com.example.client.schedule.Scheduler    : An INFO Message
2023-01-08 18:45:09.783  INFO 15268 --- [scheduling-1] com.example.client.schedule.Scheduler    : An INFO Message
2023-01-08 18:45:11.785  INFO 15268 --- [scheduling-1] com.example.client.schedule.Scheduler    : An INFO Message
2023-01-08 18:45:13.793  INFO 15268 --- [scheduling-1] com.example.client.schedule.Scheduler    : An INFO Message
2023-01-08 18:45:15.803  INFO 15268 --- [scheduling-1] com.example.client.schedule.Scheduler    : An INFO Message
2023-01-08 18:45:17.809  INFO 15268 --- [scheduling-1] com.example.client.schedule.Scheduler    : An INFO Message
2023-01-08 18:45:19.819  INFO 15268 --- [scheduling-1] com.example.client.schedule.Scheduler    : An INFO Message
2023-01-08 18:45:21.829  INFO 15268 --- [scheduling-1] com.example.client.schedule.Scheduler    : An INFO Message
2023-01-08 18:45:23.845  INFO 15268 --- [scheduling-1] com.example.client.schedule.Scheduler    : An INFO Message
2023-01-08 18:45:25.857  INFO 15268 --- [scheduling-1] com.example.client.schedule.Scheduler    : An INFO Message
2023-01-08 18:45:27.863  INFO 15268 --- [scheduling-1] com.example.client.schedule.Scheduler    : An INFO Message
2023-01-08 18:45:29.879  INFO 15268 --- [scheduling-1] com.example.client.schedule.Scheduler    : An INFO Message
2023-01-08 18:45:31.895  INFO 15268 --- [scheduling-1] com.example.client.schedule.Scheduler    : An INFO Message
2023-01-08 18:45:33.901  INFO 15268 --- [scheduling-1] com.example.client.schedule.Scheduler    : An INFO Message
2023-01-08 18:45:35.914  INFO 15268 --- [scheduling-1] com.example.client.schedule.Scheduler    : An INFO Message
2023-01-08 18:45:37.928  INFO 15268 --- [scheduling-1] com.example.client.schedule.Scheduler    : An INFO Message
2023-01-08 18:45:39.931  INFO 15268 --- [scheduling-1] com.example.client.schedule.Scheduler    : An INFO Message
2023-01-08 18:45:41.944  INFO 15268 --- [scheduling-1] com.example.client.schedule.Scheduler    : An INFO Message
2023-01-08 18:45:43.955  INFO 15268 --- [scheduling-1] com.example.client.schedule.Scheduler    : An INFO Message
2023-01-08 18:45:45.960  INFO 15268 --- [scheduling-1] com.example.client.schedule.Scheduler    : An INFO Message
2023-01-08 18:45:47.963  INFO 15268 --- [scheduling-1] com.example.client.schedule.Scheduler    : An INFO Message
2023-01-08 18:45:49.973  INFO 15268 --- [scheduling-1] com.example.client.schedule.Scheduler    : An INFO Message
2023-01-08 18:45:51.974  INFO 15268 --- [scheduling-1] com.example.client.schedule.Scheduler    : An INFO Message
2023-01-08 18:45:53.987  INFO 15268 --- [scheduling-1] com.example.client.schedule.Scheduler    : An INFO Message
2023-01-08 18:45:55.991  INFO 15268 --- [scheduling-1] com.example.client.schedule.Scheduler    : An INFO Message
2023-01-08 18:45:58.006  INFO 15268 --- [scheduling-1] com.example.client.schedule.Scheduler    : An INFO Message
2023-01-08 18:46:00.018  INFO 15268 --- [scheduling-1] com.example.client.schedule.Scheduler    : An INFO Message
2023-01-08 18:46:01.012 ERROR 15268 --- [scheduling-1] com.example.client.schedule.Scheduler    : An ERROR Message
2023-01-08 18:46:02.021  INFO 15268 --- [scheduling-1] com.example.client.schedule.Scheduler    : An INFO Message
2023-01-08 18:46:04.024  INFO 15268 --- [scheduling-1] com.example.client.schedule.Scheduler    : An INFO Message
2023-01-08 18:46:06.039  INFO 15268 --- [scheduling-1] com.example.client.schedule.Scheduler    : An INFO Message
2023-01-08 18:46:08.053  INFO 15268 --- [scheduling-1] com.example.client.schedule.Scheduler    : An INFO Message
2023-01-08 18:46:10.056  INFO 15268 --- [scheduling-1] com.example.client.schedule.Scheduler    : An INFO Message
2023-01-08 18:46:12.060  INFO 15268 --- [scheduling-1] com.example.client.schedule.Scheduler    : An INFO Message
2023-01-08 18:46:14.067  INFO 15268 --- [scheduling-1] com.example.client.schedule.Scheduler    : An INFO Message
2023-01-08 18:46:16.082  INFO 15268 --- [scheduling-1] com.example.client.schedule.Scheduler    : An INFO Message
2023-01-08 18:46:18.084  INFO 15268 --- [scheduling-1] com.example.client.schedule.Scheduler    : An INFO Message
2023-01-08 18:46:20.099  INFO 15268 --- [scheduling-1] com.example.client.schedule.Scheduler    : An INFO Message
2023-01-08 18:46:22.101  INFO 15268 --- [scheduling-1] com.example.client.schedule.Scheduler    : An INFO Message
2023-01-08 18:46:24.108  INFO 15268 --- [scheduling-1] com.example.client.schedule.Scheduler    : An INFO Message
2023-01-08 18:46:26.124  INFO 15268 --- [scheduling-1] com.example.client.schedule.Scheduler    : An INFO Message
2023-01-08 18:46:28.131  INFO 15268 --- [scheduling-1] com.example.client.schedule.Scheduler    : An INFO Message
2023-01-08 18:46:30.141  INFO 15268 --- [scheduling-1] com.example.client.schedule.Scheduler    : An INFO Message
2023-01-08 18:46:32.150  INFO 15268 --- [scheduling-1] com.example.client.schedule.Scheduler    : An INFO Message
2023-01-08 18:46:34.165  INFO 15268 --- [scheduling-1] com.example.client.schedule.Scheduler    : An INFO Message
2023-01-08 18:46:36.178  INFO 15268 --- [scheduling-1] com.example.client.schedule.Scheduler    : An INFO Message
2023-01-08 18:46:38.193  INFO 15268 --- [scheduling-1] com.example.client.schedule.Scheduler    : An INFO Message
2023-01-08 18:46:40.195  INFO 15268 --- [scheduling-1] com.example.client.schedule.Scheduler    : An INFO Message
2023-01-08 18:46:42.199  INFO 15268 --- [scheduling-1] com.example.client.schedule.Scheduler    : An INFO Message
2023-01-08 18:46:44.203  INFO 15268 --- [scheduling-1] com.example.client.schedule.Scheduler    : An INFO Message
